{"/Users/wanzhang/study/webpack-study/build-webpack/lib/webpack.base.js":{"path":"/Users/wanzhang/study/webpack-study/build-webpack/lib/webpack.base.js","s":{"1":1,"2":1,"3":1,"4":1,"5":1,"6":1,"7":1,"8":1,"9":1,"10":1,"11":1,"12":1,"13":1,"14":1,"15":1,"16":2,"17":2,"18":2,"19":2,"20":1,"21":1,"22":1,"23":0,"24":0,"25":0,"26":0,"27":0},"b":{"1":[0,0],"2":[0,0,0]},"f":{"1":1,"2":0},"fnMap":{"1":{"name":"setMPA","line":22,"loc":{"start":{"line":22,"column":0},"end":{"line":22,"column":18}}},"2":{"name":"errorPlugin","line":115,"loc":{"start":{"line":115,"column":4},"end":{"line":115,"column":27}}}},"statementMap":{"1":{"start":{"line":10,"column":0},"end":{"line":10,"column":29}},"2":{"start":{"line":11,"column":0},"end":{"line":11,"column":29}},"3":{"start":{"line":12,"column":0},"end":{"line":12,"column":63}},"4":{"start":{"line":13,"column":0},"end":{"line":13,"column":57}},"5":{"start":{"line":14,"column":0},"end":{"line":14,"column":78}},"6":{"start":{"line":15,"column":0},"end":{"line":15,"column":64}},"7":{"start":{"line":16,"column":0},"end":{"line":16,"column":45}},"8":{"start":{"line":18,"column":0},"end":{"line":18,"column":33}},"9":{"start":{"line":19,"column":0},"end":{"line":19,"column":32}},"10":{"start":{"line":22,"column":0},"end":{"line":54,"column":1}},"11":{"start":{"line":23,"column":2},"end":{"line":23,"column":19}},"12":{"start":{"line":24,"column":2},"end":{"line":24,"column":32}},"13":{"start":{"line":25,"column":2},"end":{"line":25,"column":75}},"14":{"start":{"line":27,"column":2},"end":{"line":27,"column":26}},"15":{"start":{"line":28,"column":2},"end":{"line":48,"column":5}},"16":{"start":{"line":29,"column":4},"end":{"line":29,"column":61}},"17":{"start":{"line":30,"column":4},"end":{"line":30,"column":33}},"18":{"start":{"line":32,"column":4},"end":{"line":45,"column":7}},"19":{"start":{"line":47,"column":4},"end":{"line":47,"column":54}},"20":{"start":{"line":50,"column":2},"end":{"line":53,"column":4}},"21":{"start":{"line":56,"column":0},"end":{"line":56,"column":47}},"22":{"start":{"line":58,"column":0},"end":{"line":129,"column":2}},"23":{"start":{"line":80,"column":29},"end":{"line":82,"column":17}},"24":{"start":{"line":116,"column":6},"end":{"line":122,"column":9}},"25":{"start":{"line":117,"column":8},"end":{"line":121,"column":9}},"26":{"start":{"line":118,"column":10},"end":{"line":118,"column":37}},"27":{"start":{"line":120,"column":10},"end":{"line":120,"column":26}}},"branchMap":{"1":{"line":117,"type":"if","locations":[{"start":{"line":117,"column":8},"end":{"line":117,"column":8}},{"start":{"line":117,"column":8},"end":{"line":117,"column":8}}]},"2":{"line":117,"type":"binary-expr","locations":[{"start":{"line":117,"column":12},"end":{"line":117,"column":36}},{"start":{"line":117,"column":40},"end":{"line":117,"column":71}},{"start":{"line":117,"column":75},"end":{"line":117,"column":113}}]}}}}